<?xml version="1.0" encoding="UTF-8"?>
<!-- Generated by org.testng.reporters.JUnitXMLReporter -->
<testsuite ignored="0" hostname="INSPOLT370" failures="0" tests="5" name="Default test" time="67.364" errors="0" timestamp="2024-07-01T12:19:05 IST">
  <testcase classname="com.tests.PO_Sanity" name="initBrowser" time="2.462"/>
  <testcase classname="com.tests.PO_Sanity" name="openBrowser" time="0.87"/>
  <testcase classname="com.tests.PO_Sanity" name="verifyLogin" time="4.638"/>
  <testcase classname="com.tests.PO_Sanity" name="CreatePO" time="43.104"/>
  <testcase classname="com.tests.PO_Sanity" name="runBatch" time="16.217"/>
</testsuite> <!-- Default test -->
