<?xml version="1.0" encoding="UTF-8"?>
<!-- Generated by org.testng.reporters.JUnitXMLReporter -->
<testsuite ignored="0" hostname="INSPOLT370" failures="2" tests="2" name="Test" time="0.143" errors="0" timestamp="2024-03-12T16:11:38 IST">
  <testcase classname="com.tests.TestCases" name="VerifyLoginFunctionality" time="0.079">
    <failure type="java.lang.NoClassDefFoundError" message="dev/failsafe/Policy">
      <![CDATA[java.lang.NoClassDefFoundError: dev/failsafe/Policy
at org.openqa.selenium.remote.http.ClientConfig.<clinit>(ClientConfig.java:33)
at org.openqa.selenium.chrome.ChromeDriver.<init>(ChromeDriver.java:84)
at org.openqa.selenium.chrome.ChromeDriver.<init>(ChromeDriver.java:73)
at com.base.FrameworkBase.launchBrowser(FrameworkBase.java:21)
at com.tests.TestCases.VerifyLoginFunctionality(TestCases.java:18)
at java.base/java.util.ArrayList.forEach(ArrayList.java:1511)
Caused by: java.lang.ClassNotFoundException: dev.failsafe.Policy
at java.base/jdk.internal.loader.BuiltinClassLoader.loadClass(BuiltinClassLoader.java:641)
at java.base/jdk.internal.loader.ClassLoaders$AppClassLoader.loadClass(ClassLoaders.java:188)
at java.base/java.lang.ClassLoader.loadClass(ClassLoader.java:520)
... 32 more
... Removed 26 stack frames]]>
    </failure>
  </testcase> <!-- VerifyLoginFunctionality -->
  <testcase classname="com.tests.TestCases" name="VerifyDashboardPageisDispalyed" time="0.007">
    <failure type="java.lang.NullPointerException" message="Cannot invoke &amp;quot;org.openqa.selenium.WebDriver.findElement(org.openqa.selenium.By)&amp;quot; because &amp;quot;com.pages.DashboardPage.driver&amp;quot; is null">
      <![CDATA[java.lang.NullPointerException: Cannot invoke "org.openqa.selenium.WebDriver.findElement(org.openqa.selenium.By)" because "com.pages.DashboardPage.driver" is null
at com.pages.DashboardPage.isDashboardDisplayed(DashboardPage.java:9)
at com.tests.TestCases.VerifyDashboardPageisDispalyed(TestCases.java:28)
at java.base/java.util.ArrayList.forEach(ArrayList.java:1511)
... Removed 26 stack frames]]>
    </failure>
  </testcase> <!-- VerifyDashboardPageisDispalyed -->
</testsuite> <!-- Test -->
