<?xml version="1.0" encoding="UTF-8"?>
<testng-results ignored="0" total="5" passed="5" failed="0" skipped="0">
  <reporter-output>
  </reporter-output>
  <suite started-at="2024-07-01T12:17:58 IST" name="Default suite" finished-at="2024-07-01T12:19:05 IST" duration-ms="67364">
    <groups>
    </groups>
    <test started-at="2024-07-01T12:17:58 IST" name="Default test" finished-at="2024-07-01T12:19:05 IST" duration-ms="67364">
      <class name="com.tests.PO_Sanity">
        <test-method signature="initBrowser()[pri:1, instance:com.tests.PO_Sanity@73a1e9a9]" started-at="2024-07-01T12:17:58 IST" name="initBrowser" finished-at="2024-07-01T12:18:00 IST" duration-ms="2462" status="PASS">
          <reporter-output>
          </reporter-output>
        </test-method> <!-- initBrowser -->
        <test-method signature="openBrowser()[pri:2, instance:com.tests.PO_Sanity@73a1e9a9]" started-at="2024-07-01T12:18:00 IST" name="openBrowser" finished-at="2024-07-01T12:18:01 IST" duration-ms="870" status="PASS">
          <reporter-output>
          </reporter-output>
        </test-method> <!-- openBrowser -->
        <test-method signature="verifyLogin()[pri:3, instance:com.tests.PO_Sanity@73a1e9a9]" started-at="2024-07-01T12:18:01 IST" name="verifyLogin" finished-at="2024-07-01T12:18:06 IST" duration-ms="4638" status="PASS">
          <reporter-output>
          </reporter-output>
        </test-method> <!-- verifyLogin -->
        <test-method signature="CreatePO()[pri:4, instance:com.tests.PO_Sanity@73a1e9a9]" started-at="2024-07-01T12:18:06 IST" name="CreatePO" finished-at="2024-07-01T12:18:49 IST" duration-ms="43104" status="PASS">
          <reporter-output>
          </reporter-output>
        </test-method> <!-- CreatePO -->
        <test-method signature="runBatch()[pri:5, instance:com.tests.PO_Sanity@73a1e9a9]" started-at="2024-07-01T12:18:49 IST" name="runBatch" finished-at="2024-07-01T12:19:05 IST" duration-ms="16217" status="PASS">
          <reporter-output>
          </reporter-output>
        </test-method> <!-- runBatch -->
      </class> <!-- com.tests.PO_Sanity -->
    </test> <!-- Default test -->
  </suite> <!-- Default suite -->
</testng-results>
